<?xml version="1.0" encoding="UTF-8"?>
<testsuite name="TestSuite" time="40.664" tests="4" errors="0" skipped="0" failures="0">
  <properties>
[...]
</properties>
  <testcase name="openYahoo" classname="com.gitjenkinsprac.yahoo.YahooScraping" time="23.507"/>
  <testcase name="createWriter" classname="com.gitjenkinsprac.yahoo.YahooScraping" time="0.024"/>
  <testcase name="passTicker" classname="com.gitjenkinsprac.yahoo.YahooScraping" time="13.667"/>
  <testcase name="driverClose" classname="com.gitjenkinsprac.yahoo.YahooScraping" time="3.466"/>
</testsuite>